# JRE version: OpenJDK Runtime Environment Temurin-17.0.5+8 (17.0.5+8) (build 17.0.5+8)
# Java VM: OpenJDK 64-Bit Server VM Temurin-17.0.5+8 (17.0.5+8, mixed mode, emulated-client, tiered, compressed oops, compressed class ptrs, g1 gc, windows-amd64)
GC Precious Log:
 CPUs: 8 total, 8 available
 Memory: 16222M
 Large Page Support: Disabled
 NUMA Support: Disabled
 Compressed Oops: Enabled (Zero based)
 Heap Region Size: 2M
 Heap Min Capacity: 8M
 Heap Initial Capacity: 254M
 Heap Max Capacity: 4056M
 Pre-touch: Disabled
 Parallel Workers: 8
 Concurrent Workers: 2
 Concurrent Refinement Workers: 8
 Periodic GC: Disabled
Heap:
 garbage-first heap   total 294912K, used 137383K [0x0000000702800000, 0x0000000800000000)
  region size 2048K, 5 young (10240K), 5 survivors (10240K)
 Metaspace       used 86280K, committed 90432K, reserved 1155072K
  class space    used 10327K, committed 12224K, reserved 1048576K
GC Heap History (20 events):
Event: 8832.658 GC heap after
{Heap after GC invocations=276 (full 83):
 garbage-first heap   total 290816K, used 134215K [0x0000000702800000, 0x0000000800000000)
  region size 2048K, 3 young (6144K), 3 survivors (6144K)
 Metaspace       used 85230K, committed 90880K, reserved 1155072K
  class space    used 10230K, committed 12288K, reserved 1048576K
}
Event: 8980.409 GC heap before
{Heap before GC invocations=277 (full 83):
 garbage-first heap   total 294912K, used 234567K [0x0000000702800000, 0x0000000800000000)
  region size 2048K, 52 young (106496K), 3 survivors (6144K)
 Metaspace       used 85536K, committed 90880K, reserved 1155072K
  class space    used 10252K, committed 12288K, reserved 1048576K
}
Event: 8980.413 GC heap after
{Heap after GC invocations=278 (full 83):
 garbage-first heap   total 294912K, used 135986K [0x0000000702800000, 0x0000000800000000)
  region size 2048K, 4 young (8192K), 4 survivors (8192K)
 Metaspace       used 85536K, committed 90880K, reserved 1155072K
  class space    used 10252K, committed 12288K, reserved 1048576K
}
Event: 9043.842 GC heap before
{Heap before GC invocations=278 (full 83):
 garbage-first heap   total 294912K, used 160562K [0x0000000702800000, 0x0000000800000000)
  region size 2048K, 18 young (36864K), 4 survivors (8192K)
 Metaspace       used 85538K, committed 90880K, reserved 1155072K
  class space    used 10253K, committed 12288K, reserved 1048576K
}
Event: 9043.896 GC heap after
{Heap after GC invocations=279 (full 84):
 garbage-first heap   total 294912K, used 131232K [0x0000000702800000, 0x0000000800000000)
  region size 2048K, 0 young (0K), 0 survivors (0K)
 Metaspace       used 85452K, committed 90880K, reserved 1155072K
  class space    used 10239K, committed 12288K, reserved 1048576K
}
Event: 9044.334 GC heap before
{Heap before GC invocations=279 (full 84):
 garbage-first heap   total 294912K, used 241824K [0x0000000702800000, 0x0000000800000000)
  region size 2048K, 55 young (112640K), 0 survivors (0K)
 Metaspace       used 85905K, committed 90880K, reserved 1155072K
  class space    used 10298K, committed 12288K, reserved 1048576K
}
Event: 9044.338 GC heap after
{Heap after GC invocations=280 (full 84):
 garbage-first heap   total 294912K, used 135478K [0x0000000702800000, 0x0000000800000000)
  region size 2048K, 3 young (6144K), 3 survivors (6144K)
 Metaspace       used 85905K, committed 90880K, reserved 1155072K
  class space    used 10298K, committed 12288K, reserved 1048576K
}
Event: 9047.001 GC heap before
{Heap before GC invocations=281 (full 84):
 garbage-first heap   total 294912K, used 186678K [0x0000000702800000, 0x0000000800000000)
  region size 2048K, 29 young (59392K), 3 survivors (6144K)
 Metaspace       used 86187K, committed 90880K, reserved 1155072K
  class space    used 10317K, committed 12288K, reserved 1048576K
}
Event: 9047.063 GC heap after
{Heap after GC invocations=282 (full 85):
 garbage-first heap   total 294912K, used 131220K [0x0000000702800000, 0x0000000800000000)
  region size 2048K, 0 young (0K), 0 survivors (0K)
 Metaspace       used 86164K, committed 90880K, reserved 1155072K
  class space    used 10313K, committed 12288K, reserved 1048576K
}
Event: 9047.473 GC heap before
{Heap before GC invocations=282 (full 85):
 garbage-first heap   total 294912K, used 241812K [0x0000000702800000, 0x0000000800000000)
  region size 2048K, 55 young (112640K), 0 survivors (0K)
 Metaspace       used 86598K, committed 90880K, reserved 1155072K
  class space    used 10369K, committed 12288K, reserved 1048576K
}
Event: 9047.476 GC heap after
{Heap after GC invocations=283 (full 85):
 garbage-first heap   total 294912K, used 135424K [0x0000000702800000, 0x0000000800000000)
  region size 2048K, 3 young (6144K), 3 survivors (6144K)
 Metaspace       used 86598K, committed 90880K, reserved 1155072K
  class space    used 10369K, committed 12288K, reserved 1048576K
}
Event: 9069.661 GC heap before
{Heap before GC invocations=284 (full 85):
 garbage-first heap   total 294912K, used 241920K [0x0000000702800000, 0x0000000800000000)
  region size 2048K, 56 young (114688K), 3 survivors (6144K)
 Metaspace       used 86913K, committed 90880K, reserved 1155072K
  class space    used 10392K, committed 12288K, reserved 1048576K
}
Event: 9069.666 GC heap after
{Heap after GC invocations=285 (full 85):
 garbage-first heap   total 294912K, used 137230K [0x0000000702800000, 0x0000000800000000)
  region size 2048K, 3 young (6144K), 3 survivors (6144K)
 Metaspace       used 86913K, committed 90880K, reserved 1155072K
  class space    used 10392K, committed 12288K, reserved 1048576K
}
Event: 9273.094 GC heap before
{Heap before GC invocations=285 (full 85):
 garbage-first heap   total 294912K, used 243726K [0x0000000702800000, 0x0000000800000000)
  region size 2048K, 56 young (114688K), 3 survivors (6144K)
 Metaspace       used 87022K, committed 90880K, reserved 1155072K
  class space    used 10404K, committed 12288K, reserved 1048576K
}
Event: 9273.106 GC heap after
{Heap after GC invocations=286 (full 85):
 garbage-first heap   total 294912K, used 140058K [0x0000000702800000, 0x0000000800000000)
  region size 2048K, 5 young (10240K), 5 survivors (10240K)
 Metaspace       used 87022K, committed 90880K, reserved 1155072K
  class space    used 10404K, committed 12288K, reserved 1048576K
}
Event: 9310.823 GC heap before
{Heap before GC invocations=287 (full 85):
 garbage-first heap   total 294912K, used 152346K [0x0000000702800000, 0x0000000800000000)
  region size 2048K, 12 young (24576K), 5 survivors (10240K)
 Metaspace       used 86959K, committed 90880K, reserved 1155072K
  class space    used 10393K, committed 12288K, reserved 1048576K
}
Event: 9310.885 GC heap after
{Heap after GC invocations=288 (full 86):
 garbage-first heap   total 294912K, used 128940K [0x0000000702800000, 0x0000000800000000)
  region size 2048K, 0 young (0K), 0 survivors (0K)
 Metaspace       used 85428K, committed 90432K, reserved 1155072K
  class space    used 10232K, committed 12224K, reserved 1048576K
}
Event: 9311.351 GC heap before
{Heap before GC invocations=288 (full 86):
 garbage-first heap   total 294912K, used 241580K [0x0000000702800000, 0x0000000800000000)
  region size 2048K, 56 young (114688K), 0 survivors (0K)
 Metaspace       used 85929K, committed 90432K, reserved 1155072K
  class space    used 10299K, committed 12224K, reserved 1048576K
}
Event: 9311.355 GC heap after
{Heap after GC invocations=289 (full 86):
 garbage-first heap   total 294912K, used 134078K [0x0000000702800000, 0x0000000800000000)
  region size 2048K, 3 young (6144K), 3 survivors (6144K)
 Metaspace       used 85929K, committed 90432K, reserved 1155072K
  class space    used 10299K, committed 12224K, reserved 1048576K
}
Event: 9369.563 GC heap before
{Heap before GC invocations=290 (full 86):
 garbage-first heap   total 294912K, used 240574K [0x0000000702800000, 0x0000000800000000)
  region size 2048K, 56 young (114688K), 3 survivors (6144K)
 Metaspace       used 86280K, committed 90432K, reserved 1155072K
  class space    used 10327K, committed 12224K, reserved 1048576K
}

