# JRE version: OpenJDK Runtime Environment Temurin-17.0.5+8 (17.0.5+8) (build 17.0.5+8)
# Java VM: OpenJDK 64-Bit Server VM Temurin-17.0.5+8 (17.0.5+8, mixed mode, emulated-client, tiered, compressed oops, compressed class ptrs, g1 gc, windows-amd64)
GC Precious Log:
 CPUs: 8 total, 8 available
 Memory: 16222M
 Large Page Support: Disabled
 NUMA Support: Disabled
 Compressed Oops: Enabled (Zero based)
 Heap Region Size: 2M
 Heap Min Capacity: 8M
 Heap Initial Capacity: 254M
 Heap Max Capacity: 4056M
 Pre-touch: Disabled
 Parallel Workers: 8
 Concurrent Workers: 2
 Concurrent Refinement Workers: 8
 Periodic GC: Disabled
Heap:
 garbage-first heap   total 110592K, used 36477K [0x0000000702800000, 0x0000000800000000)
  region size 2048K, 2 young (4096K), 2 survivors (4096K)
 Metaspace       used 71606K, committed 72064K, reserved 1114112K
  class space    used 8775K, committed 9024K, reserved 1048576K
GC Heap History (20 events):
Event: 288.348 GC heap after
{Heap after GC invocations=24 (full 1):
 garbage-first heap   total 110592K, used 35820K [0x0000000702800000, 0x0000000800000000)
  region size 2048K, 3 young (6144K), 3 survivors (6144K)
 Metaspace       used 70692K, committed 71104K, reserved 1114112K
  class space    used 8692K, committed 8896K, reserved 1048576K
}
Event: 288.537 GC heap before
{Heap before GC invocations=24 (full 1):
 garbage-first heap   total 110592K, used 87020K [0x0000000702800000, 0x0000000800000000)
  region size 2048K, 28 young (57344K), 3 survivors (6144K)
 Metaspace       used 70974K, committed 71360K, reserved 1114112K
  class space    used 8712K, committed 8896K, reserved 1048576K
}
Event: 288.541 GC heap after
{Heap after GC invocations=25 (full 1):
 garbage-first heap   total 110592K, used 38492K [0x0000000702800000, 0x0000000800000000)
  region size 2048K, 2 young (4096K), 2 survivors (4096K)
 Metaspace       used 70974K, committed 71360K, reserved 1114112K
  class space    used 8712K, committed 8896K, reserved 1048576K
}
Event: 292.173 GC heap before
{Heap before GC invocations=25 (full 1):
 garbage-first heap   total 110592K, used 46684K [0x0000000702800000, 0x0000000800000000)
  region size 2048K, 7 young (14336K), 2 survivors (4096K)
 Metaspace       used 71023K, committed 71488K, reserved 1114112K
  class space    used 8721K, committed 8960K, reserved 1048576K
}
Event: 292.222 GC heap after
{Heap after GC invocations=26 (full 2):
 garbage-first heap   total 110592K, used 32984K [0x0000000702800000, 0x0000000800000000)
  region size 2048K, 0 young (0K), 0 survivors (0K)
 Metaspace       used 70925K, committed 71488K, reserved 1114112K
  class space    used 8705K, committed 8960K, reserved 1048576K
}
Event: 292.598 GC heap before
{Heap before GC invocations=26 (full 2):
 garbage-first heap   total 110592K, used 82136K [0x0000000702800000, 0x0000000800000000)
  region size 2048K, 25 young (51200K), 0 survivors (0K)
 Metaspace       used 71248K, committed 71680K, reserved 1114112K
  class space    used 8750K, committed 8960K, reserved 1048576K
}
Event: 292.601 GC heap after
{Heap after GC invocations=27 (full 2):
 garbage-first heap   total 110592K, used 36552K [0x0000000702800000, 0x0000000800000000)
  region size 2048K, 2 young (4096K), 2 survivors (4096K)
 Metaspace       used 71248K, committed 71680K, reserved 1114112K
  class space    used 8750K, committed 8960K, reserved 1048576K
}
Event: 292.700 GC heap before
{Heap before GC invocations=27 (full 2):
 garbage-first heap   total 110592K, used 83656K [0x0000000702800000, 0x0000000800000000)
  region size 2048K, 25 young (51200K), 2 survivors (4096K)
 Metaspace       used 71383K, committed 71808K, reserved 1114112K
  class space    used 8765K, committed 8960K, reserved 1048576K
}
Event: 292.702 GC heap after
{Heap after GC invocations=28 (full 2):
 garbage-first heap   total 110592K, used 36709K [0x0000000702800000, 0x0000000800000000)
  region size 2048K, 2 young (4096K), 2 survivors (4096K)
 Metaspace       used 71383K, committed 71808K, reserved 1114112K
  class space    used 8765K, committed 8960K, reserved 1048576K
}
Event: 292.939 GC heap before
{Heap before GC invocations=28 (full 2):
 garbage-first heap   total 110592K, used 85861K [0x0000000702800000, 0x0000000800000000)
  region size 2048K, 26 young (53248K), 2 survivors (4096K)
 Metaspace       used 71659K, committed 72064K, reserved 1114112K
  class space    used 8783K, committed 8960K, reserved 1048576K
}
Event: 292.942 GC heap after
{Heap after GC invocations=29 (full 2):
 garbage-first heap   total 110592K, used 38093K [0x0000000702800000, 0x0000000800000000)
  region size 2048K, 3 young (6144K), 3 survivors (6144K)
 Metaspace       used 71659K, committed 72064K, reserved 1114112K
  class space    used 8783K, committed 8960K, reserved 1048576K
}
Event: 482.140 GC heap before
{Heap before GC invocations=29 (full 2):
 garbage-first heap   total 110592K, used 85197K [0x0000000702800000, 0x0000000800000000)
  region size 2048K, 26 young (53248K), 3 survivors (6144K)
 Metaspace       used 71670K, committed 72128K, reserved 1114112K
  class space    used 8787K, committed 9024K, reserved 1048576K
}
Event: 482.152 GC heap after
{Heap after GC invocations=30 (full 2):
 garbage-first heap   total 110592K, used 40737K [0x0000000702800000, 0x0000000800000000)
  region size 2048K, 3 young (6144K), 3 survivors (6144K)
 Metaspace       used 71670K, committed 72128K, reserved 1114112K
  class space    used 8787K, committed 9024K, reserved 1048576K
}
Event: 482.212 GC heap before
{Heap before GC invocations=30 (full 2):
 garbage-first heap   total 110592K, used 42785K [0x0000000702800000, 0x0000000800000000)
  region size 2048K, 5 young (10240K), 3 survivors (6144K)
 Metaspace       used 71673K, committed 72128K, reserved 1114112K
  class space    used 8787K, committed 9024K, reserved 1048576K
}
Event: 482.311 GC heap after
{Heap after GC invocations=31 (full 3):
 garbage-first heap   total 110592K, used 29692K [0x0000000702800000, 0x0000000800000000)
  region size 2048K, 0 young (0K), 0 survivors (0K)
 Metaspace       used 70815K, committed 71808K, reserved 1114112K
  class space    used 8687K, committed 9024K, reserved 1048576K
}
Event: 482.768 GC heap before
{Heap before GC invocations=31 (full 3):
 garbage-first heap   total 110592K, used 82940K [0x0000000702800000, 0x0000000800000000)
  region size 2048K, 26 young (53248K), 0 survivors (0K)
 Metaspace       used 71198K, committed 71808K, reserved 1114112K
  class space    used 8741K, committed 9024K, reserved 1048576K
}
Event: 482.771 GC heap after
{Heap after GC invocations=32 (full 3):
 garbage-first heap   total 110592K, used 34036K [0x0000000702800000, 0x0000000800000000)
  region size 2048K, 3 young (6144K), 3 survivors (6144K)
 Metaspace       used 71198K, committed 71808K, reserved 1114112K
  class space    used 8741K, committed 9024K, reserved 1048576K
}
Event: 482.876 GC heap before
{Heap before GC invocations=32 (full 3):
 garbage-first heap   total 110592K, used 81140K [0x0000000702800000, 0x0000000800000000)
  region size 2048K, 26 young (53248K), 3 survivors (6144K)
 Metaspace       used 71329K, committed 71808K, reserved 1114112K
  class space    used 8756K, committed 9024K, reserved 1048576K
}
Event: 482.879 GC heap after
{Heap after GC invocations=33 (full 3):
 garbage-first heap   total 110592K, used 34453K [0x0000000702800000, 0x0000000800000000)
  region size 2048K, 3 young (6144K), 3 survivors (6144K)
 Metaspace       used 71329K, committed 71808K, reserved 1114112K
  class space    used 8756K, committed 9024K, reserved 1048576K
}
Event: 483.155 GC heap before
{Heap before GC invocations=33 (full 3):
 garbage-first heap   total 110592K, used 83605K [0x0000000702800000, 0x0000000800000000)
  region size 2048K, 27 young (55296K), 3 survivors (6144K)
 Metaspace       used 71606K, committed 72064K, reserved 1114112K
  class space    used 8775K, committed 9024K, reserved 1048576K
}

